2023-08-12 07:11:52.774 +01:00 [INF] Worker Application Running
2023-08-12 07:11:52.913 +01:00 [ERR] An exception was thrown while activating λ:Microsoft.Extensions.Hosting.IHostedService[] -> CSEData.Worker.Worker.
2023-08-12 12:28:06.087 +01:00 [ERR] The host was aborted.
2023-08-12 12:28:33.019 +01:00 [ERR] The host was aborted.
2023-08-12 12:31:11.448 +01:00 [INF] Worker Application Running
2023-08-12 12:31:11.590 +01:00 [ERR] An exception was thrown while activating λ:Microsoft.Extensions.Hosting.IHostedService[] -> CSEData.Worker.Worker.
2023-08-12 12:33:12.461 +01:00 [INF] Worker Application Running
2023-08-12 12:33:12.550 +01:00 [ERR] An exception was thrown while activating λ:Microsoft.Extensions.Hosting.IHostedService[] -> CSEData.Worker.Worker.
2023-08-12 12:36:15.617 +01:00 [INF] Worker Application Running
2023-08-12 12:36:15.665 +01:00 [INF] Worker running at: "2023-08-12T12:36:15.6598859+01:00"
2023-08-12 12:36:33.988 +01:00 [ERR] An exception has been raised that is likely due to a transient failure. Consider enabling transient error resiliency by adding 'EnableRetryOnFailure' to the 'UseSqlServer' call.
2023-08-12 12:36:50.578 +01:00 [INF] Worker Application Running
2023-08-12 12:36:50.629 +01:00 [INF] Worker running at: "2023-08-12T12:36:50.6241812+01:00"
2023-08-12 12:37:08.894 +01:00 [ERR] An exception has been raised that is likely due to a transient failure. Consider enabling transient error resiliency by adding 'EnableRetryOnFailure' to the 'UseSqlServer' call.
2023-08-12 12:37:13.675 +01:00 [INF] Worker Application Running
2023-08-12 12:37:13.722 +01:00 [INF] Worker running at: "2023-08-12T12:37:13.7162885+01:00"
2023-08-12 12:37:30.772 +01:00 [ERR] An exception has been raised that is likely due to a transient failure. Consider enabling transient error resiliency by adding 'EnableRetryOnFailure' to the 'UseSqlServer' call.
2023-08-12 12:37:44.490 +01:00 [INF] Worker Application Running
2023-08-12 12:37:44.527 +01:00 [INF] Worker running at: "2023-08-12T12:37:44.5236827+01:00"
2023-08-12 12:38:49.258 +01:00 [INF] Worker running at: "2023-08-12T12:38:49.2582079+01:00"
