2023-08-12 12:38:33.859 +01:00 [INF] Worker Application Running
2023-08-12 12:38:33.909 +01:00 [INF] Worker running at: "2023-08-12T12:38:33.9049028+01:00"
2023-08-12 12:38:51.760 +01:00 [ERR] An exception has been raised that is likely due to a transient failure. Consider enabling transient error resiliency by adding 'EnableRetryOnFailure' to the 'UseSqlServer' call.
2023-08-12 12:39:16.364 +01:00 [INF] Worker Application Running
2023-08-12 12:39:16.400 +01:00 [INF] Worker running at: "2023-08-12T12:39:16.3969118+01:00"
2023-08-12 12:40:21.786 +01:00 [INF] Worker running at: "2023-08-12T12:40:21.7863849+01:00"
2023-08-12 12:41:45.686 +01:00 [INF] Worker Application Running
2023-08-12 12:41:45.735 +01:00 [INF] Worker running at: "2023-08-12T12:41:45.7302358+01:00"
2023-08-12 12:42:02.088 +01:00 [ERR] An exception has been raised that is likely due to a transient failure. Consider enabling transient error resiliency by adding 'EnableRetryOnFailure' to the 'UseSqlServer' call.
2023-08-12 12:43:02.613 +01:00 [INF] Worker Application Running
2023-08-12 12:43:02.660 +01:00 [INF] Worker running at: "2023-08-12T12:43:02.6547223+01:00"
2023-08-12 12:43:18.644 +01:00 [ERR] An exception has been raised that is likely due to a transient failure. Consider enabling transient error resiliency by adding 'EnableRetryOnFailure' to the 'UseSqlServer' call.
2023-08-12 12:43:19.175 +01:00 [INF] Worker Application Running
2023-08-12 12:43:19.226 +01:00 [ERR] Stopped without starting
2023-08-12 12:44:26.319 +01:00 [INF] Worker Application Running
2023-08-12 12:44:26.370 +01:00 [INF] Worker running at: "2023-08-12T12:44:26.3656262+01:00"
2023-08-12 12:44:42.919 +01:00 [ERR] An exception has been raised that is likely due to a transient failure. Consider enabling transient error resiliency by adding 'EnableRetryOnFailure' to the 'UseSqlServer' call.
2023-08-12 12:44:43.605 +01:00 [INF] Worker Application Running
2023-08-12 12:44:43.653 +01:00 [INF] Worker running at: "2023-08-12T12:44:43.6483823+01:00"
2023-08-12 12:44:59.679 +01:00 [ERR] An exception has been raised that is likely due to a transient failure. Consider enabling transient error resiliency by adding 'EnableRetryOnFailure' to the 'UseSqlServer' call.
2023-08-12 12:45:00.249 +01:00 [INF] Worker Application Running
2023-08-12 12:45:00.300 +01:00 [ERR] Stopped without starting
2023-08-12 12:53:58.297 +01:00 [INF] Worker Application Running
2023-08-12 12:53:58.335 +01:00 [INF] Worker running at: "2023-08-12T12:53:58.3312164+01:00"
2023-08-12 12:55:04.413 +01:00 [INF] Worker running at: "2023-08-12T12:55:04.4128929+01:00"
2023-08-12 12:56:13.786 +01:00 [INF] Worker Application Running
2023-08-12 12:56:13.833 +01:00 [INF] Worker running at: "2023-08-12T12:56:13.8284350+01:00"
2023-08-12 12:56:30.804 +01:00 [ERR] An exception has been raised that is likely due to a transient failure. Consider enabling transient error resiliency by adding 'EnableRetryOnFailure' to the 'UseSqlServer' call.
2023-08-12 12:56:31.360 +01:00 [INF] Worker Application Running
2023-08-12 12:56:31.410 +01:00 [ERR] Stopped without starting
2023-08-12 13:00:30.029 +01:00 [INF] Worker Application Running
2023-08-12 13:00:30.079 +01:00 [INF] Worker running at: "2023-08-12T13:00:30.0735447+01:00"
2023-08-12 13:00:45.563 +01:00 [ERR] An exception has been raised that is likely due to a transient failure. Consider enabling transient error resiliency by adding 'EnableRetryOnFailure' to the 'UseSqlServer' call.
2023-08-12 13:01:02.869 +01:00 [INF] Worker Application Running
2023-08-12 13:01:02.905 +01:00 [INF] Worker running at: "2023-08-12T13:01:02.9015752+01:00"
2023-08-12 13:02:07.012 +01:00 [INF] Worker running at: "2023-08-12T13:02:07.0118190+01:00"
2023-08-12 13:03:09.704 +01:00 [INF] Worker running at: "2023-08-12T13:03:09.7047059+01:00"
2023-08-12 13:04:12.084 +01:00 [INF] Worker running at: "2023-08-12T13:04:12.0847514+01:00"
2023-08-12 13:04:43.349 +01:00 [INF] Worker Application Running
2023-08-12 13:04:43.394 +01:00 [INF] Worker running at: "2023-08-12T13:04:43.3901579+01:00"
2023-08-12 13:04:59.027 +01:00 [ERR] An exception has been raised that is likely due to a transient failure. Consider enabling transient error resiliency by adding 'EnableRetryOnFailure' to the 'UseSqlServer' call.
2023-08-12 13:05:06.976 +01:00 [INF] Worker Application Running
2023-08-12 13:05:07.014 +01:00 [INF] Worker running at: "2023-08-12T13:05:07.0110091+01:00"
2023-08-12 13:06:11.388 +01:00 [INF] Worker running at: "2023-08-12T13:06:11.3876368+01:00"
2023-08-12 13:10:36.414 +01:00 [INF] Worker Application Running
2023-08-12 13:10:36.462 +01:00 [INF] Worker running at: "2023-08-12T13:10:36.4567930+01:00"
2023-08-12 13:10:55.129 +01:00 [ERR] An exception has been raised that is likely due to a transient failure. Consider enabling transient error resiliency by adding 'EnableRetryOnFailure' to the 'UseSqlServer' call.
2023-08-12 13:12:34.604 +01:00 [INF] Worker Application Running
2023-08-12 13:12:34.651 +01:00 [INF] Worker running at: "2023-08-12T13:12:34.6463742+01:00"
2023-08-12 13:12:51.652 +01:00 [ERR] An exception has been raised that is likely due to a transient failure. Consider enabling transient error resiliency by adding 'EnableRetryOnFailure' to the 'UseSqlServer' call.
2023-08-12 13:13:20.635 +01:00 [INF] Worker Application Running
2023-08-12 13:13:20.696 +01:00 [INF] Worker running at: "2023-08-12T13:13:20.6905224+01:00"
2023-08-12 13:13:36.610 +01:00 [ERR] An exception has been raised that is likely due to a transient failure. Consider enabling transient error resiliency by adding 'EnableRetryOnFailure' to the 'UseSqlServer' call.
2023-08-12 13:13:42.852 +01:00 [INF] Worker Application Running
2023-08-12 13:13:42.900 +01:00 [INF] Worker running at: "2023-08-12T13:13:42.8953054+01:00"
2023-08-12 13:13:59.230 +01:00 [ERR] An exception has been raised that is likely due to a transient failure. Consider enabling transient error resiliency by adding 'EnableRetryOnFailure' to the 'UseSqlServer' call.
2023-08-12 13:14:30.312 +01:00 [INF] Worker Application Running
2023-08-12 13:14:30.361 +01:00 [INF] Worker running at: "2023-08-12T13:14:30.3555726+01:00"
2023-08-12 13:14:47.912 +01:00 [ERR] An exception has been raised that is likely due to a transient failure. Consider enabling transient error resiliency by adding 'EnableRetryOnFailure' to the 'UseSqlServer' call.
2023-08-12 13:14:59.828 +01:00 [INF] Worker Application Running
2023-08-12 13:14:59.888 +01:00 [INF] Worker running at: "2023-08-12T13:14:59.8823858+01:00"
2023-08-12 13:15:15.996 +01:00 [ERR] An exception has been raised that is likely due to a transient failure. Consider enabling transient error resiliency by adding 'EnableRetryOnFailure' to the 'UseSqlServer' call.
2023-08-12 13:15:48.425 +01:00 [INF] Worker Application Running
2023-08-12 13:15:48.471 +01:00 [INF] Worker running at: "2023-08-12T13:15:48.4665473+01:00"
2023-08-12 13:16:04.343 +01:00 [ERR] An exception has been raised that is likely due to a transient failure. Consider enabling transient error resiliency by adding 'EnableRetryOnFailure' to the 'UseSqlServer' call.
2023-08-12 13:16:16.567 +01:00 [INF] Worker Application Running
2023-08-12 13:16:16.620 +01:00 [INF] Worker running at: "2023-08-12T13:16:16.6148829+01:00"
2023-08-12 13:16:34.728 +01:00 [ERR] An exception has been raised that is likely due to a transient failure. Consider enabling transient error resiliency by adding 'EnableRetryOnFailure' to the 'UseSqlServer' call.
2023-08-12 13:17:04.044 +01:00 [INF] Worker Application Running
2023-08-12 13:17:04.093 +01:00 [INF] Worker running at: "2023-08-12T13:17:04.0882106+01:00"
2023-08-12 13:17:21.741 +01:00 [ERR] An exception has been raised that is likely due to a transient failure. Consider enabling transient error resiliency by adding 'EnableRetryOnFailure' to the 'UseSqlServer' call.
2023-08-12 13:17:35.287 +01:00 [INF] Worker Application Running
2023-08-12 13:17:35.337 +01:00 [INF] Worker running at: "2023-08-12T13:17:35.3311201+01:00"
2023-08-12 13:17:51.357 +01:00 [ERR] An exception has been raised that is likely due to a transient failure. Consider enabling transient error resiliency by adding 'EnableRetryOnFailure' to the 'UseSqlServer' call.
2023-08-12 13:18:22.332 +01:00 [INF] Worker Application Running
2023-08-12 13:18:22.386 +01:00 [INF] Worker running at: "2023-08-12T13:18:22.3804744+01:00"
2023-08-12 13:18:38.110 +01:00 [ERR] An exception has been raised that is likely due to a transient failure. Consider enabling transient error resiliency by adding 'EnableRetryOnFailure' to the 'UseSqlServer' call.
2023-08-12 13:18:51.919 +01:00 [INF] Worker Application Running
2023-08-12 13:18:51.966 +01:00 [INF] Worker running at: "2023-08-12T13:18:51.9614071+01:00"
2023-08-12 13:19:11.612 +01:00 [ERR] An exception has been raised that is likely due to a transient failure. Consider enabling transient error resiliency by adding 'EnableRetryOnFailure' to the 'UseSqlServer' call.
2023-08-12 13:19:38.627 +01:00 [INF] Worker Application Running
2023-08-12 13:19:38.674 +01:00 [INF] Worker running at: "2023-08-12T13:19:38.6689284+01:00"
2023-08-12 13:19:55.521 +01:00 [ERR] An exception has been raised that is likely due to a transient failure. Consider enabling transient error resiliency by adding 'EnableRetryOnFailure' to the 'UseSqlServer' call.
2023-08-12 13:20:12.135 +01:00 [INF] Worker Application Running
2023-08-12 13:20:12.180 +01:00 [INF] Worker running at: "2023-08-12T13:20:12.1761960+01:00"
2023-08-12 13:20:42.571 +01:00 [ERR] An exception has been raised that is likely due to a transient failure. Consider enabling transient error resiliency by adding 'EnableRetryOnFailure' to the 'UseSqlServer' call.
2023-08-12 13:20:56.018 +01:00 [INF] Worker Application Running
2023-08-12 13:20:56.066 +01:00 [INF] Worker running at: "2023-08-12T13:20:56.0605932+01:00"
2023-08-12 13:21:12.829 +01:00 [ERR] An exception has been raised that is likely due to a transient failure. Consider enabling transient error resiliency by adding 'EnableRetryOnFailure' to the 'UseSqlServer' call.
2023-08-12 13:21:43.088 +01:00 [INF] Worker Application Running
2023-08-12 13:21:43.134 +01:00 [INF] Worker running at: "2023-08-12T13:21:43.1287175+01:00"
2023-08-12 13:21:59.309 +01:00 [ERR] An exception has been raised that is likely due to a transient failure. Consider enabling transient error resiliency by adding 'EnableRetryOnFailure' to the 'UseSqlServer' call.
2023-08-12 13:22:13.322 +01:00 [INF] Worker Application Running
2023-08-12 13:22:13.368 +01:00 [INF] Worker running at: "2023-08-12T13:22:13.3631013+01:00"
2023-08-12 13:22:30.271 +01:00 [ERR] An exception has been raised that is likely due to a transient failure. Consider enabling transient error resiliency by adding 'EnableRetryOnFailure' to the 'UseSqlServer' call.
2023-08-12 13:22:59.811 +01:00 [INF] Worker Application Running
2023-08-12 13:22:59.860 +01:00 [INF] Worker running at: "2023-08-12T13:22:59.8554612+01:00"
2023-08-12 13:23:15.326 +01:00 [ERR] An exception has been raised that is likely due to a transient failure. Consider enabling transient error resiliency by adding 'EnableRetryOnFailure' to the 'UseSqlServer' call.
2023-08-12 13:23:30.797 +01:00 [INF] Worker Application Running
2023-08-12 13:23:30.853 +01:00 [INF] Worker running at: "2023-08-12T13:23:30.8476975+01:00"
2023-08-12 13:23:47.967 +01:00 [ERR] An exception has been raised that is likely due to a transient failure. Consider enabling transient error resiliency by adding 'EnableRetryOnFailure' to the 'UseSqlServer' call.
2023-08-12 13:24:15.825 +01:00 [INF] Worker Application Running
2023-08-12 13:24:15.871 +01:00 [INF] Worker running at: "2023-08-12T13:24:15.8666803+01:00"
2023-08-12 13:24:32.563 +01:00 [ERR] An exception has been raised that is likely due to a transient failure. Consider enabling transient error resiliency by adding 'EnableRetryOnFailure' to the 'UseSqlServer' call.
2023-08-12 13:24:48.480 +01:00 [INF] Worker Application Running
2023-08-12 13:24:48.526 +01:00 [INF] Worker running at: "2023-08-12T13:24:48.5212975+01:00"
2023-08-12 13:25:04.284 +01:00 [ERR] An exception has been raised that is likely due to a transient failure. Consider enabling transient error resiliency by adding 'EnableRetryOnFailure' to the 'UseSqlServer' call.
2023-08-12 13:25:33.074 +01:00 [INF] Worker Application Running
2023-08-12 13:25:33.120 +01:00 [INF] Worker running at: "2023-08-12T13:25:33.1152506+01:00"
2023-08-12 13:25:49.086 +01:00 [ERR] An exception has been raised that is likely due to a transient failure. Consider enabling transient error resiliency by adding 'EnableRetryOnFailure' to the 'UseSqlServer' call.
2023-08-12 13:26:04.852 +01:00 [INF] Worker Application Running
2023-08-12 13:26:04.897 +01:00 [INF] Worker running at: "2023-08-12T13:26:04.8927193+01:00"
2023-08-12 13:26:21.633 +01:00 [ERR] An exception has been raised that is likely due to a transient failure. Consider enabling transient error resiliency by adding 'EnableRetryOnFailure' to the 'UseSqlServer' call.
2023-08-12 13:26:49.591 +01:00 [INF] Worker Application Running
2023-08-12 13:26:49.636 +01:00 [INF] Worker running at: "2023-08-12T13:26:49.6315632+01:00"
2023-08-12 13:27:06.525 +01:00 [ERR] An exception has been raised that is likely due to a transient failure. Consider enabling transient error resiliency by adding 'EnableRetryOnFailure' to the 'UseSqlServer' call.
2023-08-12 13:27:22.286 +01:00 [INF] Worker Application Running
2023-08-12 13:27:22.338 +01:00 [INF] Worker running at: "2023-08-12T13:27:22.3326742+01:00"
2023-08-12 13:27:38.855 +01:00 [ERR] An exception has been raised that is likely due to a transient failure. Consider enabling transient error resiliency by adding 'EnableRetryOnFailure' to the 'UseSqlServer' call.
2023-08-12 13:28:07.133 +01:00 [INF] Worker Application Running
2023-08-12 13:28:07.190 +01:00 [INF] Worker running at: "2023-08-12T13:28:07.1835744+01:00"
2023-08-12 13:28:22.610 +01:00 [ERR] An exception has been raised that is likely due to a transient failure. Consider enabling transient error resiliency by adding 'EnableRetryOnFailure' to the 'UseSqlServer' call.
2023-08-12 13:28:39.485 +01:00 [INF] Worker Application Running
2023-08-12 13:28:39.553 +01:00 [INF] Worker running at: "2023-08-12T13:28:39.5456165+01:00"
2023-08-12 13:28:55.714 +01:00 [ERR] An exception has been raised that is likely due to a transient failure. Consider enabling transient error resiliency by adding 'EnableRetryOnFailure' to the 'UseSqlServer' call.
2023-08-12 13:29:23.116 +01:00 [INF] Worker Application Running
2023-08-12 13:29:23.163 +01:00 [INF] Worker running at: "2023-08-12T13:29:23.1575181+01:00"
2023-08-12 13:29:39.345 +01:00 [ERR] An exception has been raised that is likely due to a transient failure. Consider enabling transient error resiliency by adding 'EnableRetryOnFailure' to the 'UseSqlServer' call.
2023-08-12 13:29:56.212 +01:00 [INF] Worker Application Running
2023-08-12 13:29:56.259 +01:00 [INF] Worker running at: "2023-08-12T13:29:56.2548280+01:00"
2023-08-12 13:30:11.671 +01:00 [ERR] An exception has been raised that is likely due to a transient failure. Consider enabling transient error resiliency by adding 'EnableRetryOnFailure' to the 'UseSqlServer' call.
2023-08-12 13:30:39.853 +01:00 [INF] Worker Application Running
2023-08-12 13:30:39.898 +01:00 [INF] Worker running at: "2023-08-12T13:30:39.8944942+01:00"
2023-08-12 13:30:57.486 +01:00 [ERR] An exception has been raised that is likely due to a transient failure. Consider enabling transient error resiliency by adding 'EnableRetryOnFailure' to the 'UseSqlServer' call.
2023-08-12 13:31:12.167 +01:00 [INF] Worker Application Running
2023-08-12 13:31:12.213 +01:00 [INF] Worker running at: "2023-08-12T13:31:12.2079414+01:00"
2023-08-12 13:31:29.761 +01:00 [ERR] An exception has been raised that is likely due to a transient failure. Consider enabling transient error resiliency by adding 'EnableRetryOnFailure' to the 'UseSqlServer' call.
2023-08-12 13:31:57.994 +01:00 [INF] Worker Application Running
2023-08-12 13:31:58.040 +01:00 [INF] Worker running at: "2023-08-12T13:31:58.0355862+01:00"
2023-08-12 13:32:13.997 +01:00 [ERR] An exception has been raised that is likely due to a transient failure. Consider enabling transient error resiliency by adding 'EnableRetryOnFailure' to the 'UseSqlServer' call.
2023-08-12 13:32:30.271 +01:00 [INF] Worker Application Running
2023-08-12 13:32:30.317 +01:00 [INF] Worker running at: "2023-08-12T13:32:30.3126726+01:00"
2023-08-12 13:32:46.049 +01:00 [ERR] An exception has been raised that is likely due to a transient failure. Consider enabling transient error resiliency by adding 'EnableRetryOnFailure' to the 'UseSqlServer' call.
2023-08-12 13:33:14.563 +01:00 [INF] Worker Application Running
2023-08-12 13:33:14.608 +01:00 [INF] Worker running at: "2023-08-12T13:33:14.6032661+01:00"
2023-08-12 13:33:31.994 +01:00 [ERR] An exception has been raised that is likely due to a transient failure. Consider enabling transient error resiliency by adding 'EnableRetryOnFailure' to the 'UseSqlServer' call.
2023-08-12 13:33:46.551 +01:00 [INF] Worker Application Running
2023-08-12 13:33:46.597 +01:00 [INF] Worker running at: "2023-08-12T13:33:46.5931284+01:00"
2023-08-12 13:34:02.723 +01:00 [ERR] An exception has been raised that is likely due to a transient failure. Consider enabling transient error resiliency by adding 'EnableRetryOnFailure' to the 'UseSqlServer' call.
2023-08-12 13:34:32.501 +01:00 [INF] Worker Application Running
2023-08-12 13:34:32.547 +01:00 [INF] Worker running at: "2023-08-12T13:34:32.5424723+01:00"
2023-08-12 13:34:48.817 +01:00 [ERR] An exception has been raised that is likely due to a transient failure. Consider enabling transient error resiliency by adding 'EnableRetryOnFailure' to the 'UseSqlServer' call.
2023-08-12 13:35:03.237 +01:00 [INF] Worker Application Running
2023-08-12 13:35:03.283 +01:00 [INF] Worker running at: "2023-08-12T13:35:03.2782002+01:00"
2023-08-12 13:35:20.583 +01:00 [ERR] An exception has been raised that is likely due to a transient failure. Consider enabling transient error resiliency by adding 'EnableRetryOnFailure' to the 'UseSqlServer' call.
2023-08-12 13:35:49.345 +01:00 [INF] Worker Application Running
2023-08-12 13:35:49.390 +01:00 [INF] Worker running at: "2023-08-12T13:35:49.3856976+01:00"
2023-08-12 13:36:05.100 +01:00 [ERR] An exception has been raised that is likely due to a transient failure. Consider enabling transient error resiliency by adding 'EnableRetryOnFailure' to the 'UseSqlServer' call.
2023-08-12 13:36:21.090 +01:00 [INF] Worker Application Running
2023-08-12 13:36:21.137 +01:00 [INF] Worker running at: "2023-08-12T13:36:21.1315523+01:00"
2023-08-12 13:36:40.230 +01:00 [ERR] An exception has been raised that is likely due to a transient failure. Consider enabling transient error resiliency by adding 'EnableRetryOnFailure' to the 'UseSqlServer' call.
2023-08-12 13:37:05.615 +01:00 [INF] Worker Application Running
2023-08-12 13:37:05.661 +01:00 [INF] Worker running at: "2023-08-12T13:37:05.6571699+01:00"
2023-08-12 13:37:21.891 +01:00 [ERR] An exception has been raised that is likely due to a transient failure. Consider enabling transient error resiliency by adding 'EnableRetryOnFailure' to the 'UseSqlServer' call.
2023-08-12 13:37:40.796 +01:00 [INF] Worker Application Running
2023-08-12 13:37:40.843 +01:00 [INF] Worker running at: "2023-08-12T13:37:40.8377264+01:00"
2023-08-12 13:38:01.675 +01:00 [ERR] An exception has been raised that is likely due to a transient failure. Consider enabling transient error resiliency by adding 'EnableRetryOnFailure' to the 'UseSqlServer' call.
2023-08-12 13:38:22.423 +01:00 [INF] Worker Application Running
2023-08-12 13:38:22.470 +01:00 [INF] Worker running at: "2023-08-12T13:38:22.4645947+01:00"
2023-08-12 13:38:38.373 +01:00 [ERR] An exception has been raised that is likely due to a transient failure. Consider enabling transient error resiliency by adding 'EnableRetryOnFailure' to the 'UseSqlServer' call.
2023-08-12 13:39:02.190 +01:00 [INF] Worker Application Running
2023-08-12 13:39:02.236 +01:00 [INF] Worker running at: "2023-08-12T13:39:02.2314297+01:00"
2023-08-12 13:39:17.646 +01:00 [ERR] An exception has been raised that is likely due to a transient failure. Consider enabling transient error resiliency by adding 'EnableRetryOnFailure' to the 'UseSqlServer' call.
2023-08-12 13:39:38.890 +01:00 [INF] Worker Application Running
2023-08-12 13:39:38.938 +01:00 [INF] Worker running at: "2023-08-12T13:39:38.9326238+01:00"
2023-08-12 13:39:54.426 +01:00 [ERR] An exception has been raised that is likely due to a transient failure. Consider enabling transient error resiliency by adding 'EnableRetryOnFailure' to the 'UseSqlServer' call.
2023-08-12 13:40:18.162 +01:00 [INF] Worker Application Running
2023-08-12 13:40:18.209 +01:00 [INF] Worker running at: "2023-08-12T13:40:18.2045174+01:00"
2023-08-12 13:40:35.317 +01:00 [ERR] An exception has been raised that is likely due to a transient failure. Consider enabling transient error resiliency by adding 'EnableRetryOnFailure' to the 'UseSqlServer' call.
2023-08-12 13:40:54.943 +01:00 [INF] Worker Application Running
2023-08-12 13:40:54.990 +01:00 [INF] Worker running at: "2023-08-12T13:40:54.9848947+01:00"
2023-08-12 13:41:10.922 +01:00 [ERR] An exception has been raised that is likely due to a transient failure. Consider enabling transient error resiliency by adding 'EnableRetryOnFailure' to the 'UseSqlServer' call.
2023-08-12 13:41:35.837 +01:00 [INF] Worker Application Running
2023-08-12 13:41:35.883 +01:00 [INF] Worker running at: "2023-08-12T13:41:35.8781200+01:00"
2023-08-12 13:41:51.291 +01:00 [ERR] An exception has been raised that is likely due to a transient failure. Consider enabling transient error resiliency by adding 'EnableRetryOnFailure' to the 'UseSqlServer' call.
2023-08-12 13:42:11.431 +01:00 [INF] Worker Application Running
2023-08-12 13:42:11.477 +01:00 [INF] Worker running at: "2023-08-12T13:42:11.4724279+01:00"
2023-08-12 13:42:27.880 +01:00 [ERR] An exception has been raised that is likely due to a transient failure. Consider enabling transient error resiliency by adding 'EnableRetryOnFailure' to the 'UseSqlServer' call.
2023-08-12 13:42:51.791 +01:00 [INF] Worker Application Running
2023-08-12 13:42:51.836 +01:00 [INF] Worker running at: "2023-08-12T13:42:51.8320991+01:00"
2023-08-12 13:43:07.760 +01:00 [ERR] An exception has been raised that is likely due to a transient failure. Consider enabling transient error resiliency by adding 'EnableRetryOnFailure' to the 'UseSqlServer' call.
2023-08-12 13:43:28.380 +01:00 [INF] Worker Application Running
2023-08-12 13:43:28.435 +01:00 [INF] Worker running at: "2023-08-12T13:43:28.4299652+01:00"
2023-08-12 13:43:44.951 +01:00 [ERR] An exception has been raised that is likely due to a transient failure. Consider enabling transient error resiliency by adding 'EnableRetryOnFailure' to the 'UseSqlServer' call.
2023-08-12 13:44:08.267 +01:00 [INF] Worker Application Running
2023-08-12 13:44:08.313 +01:00 [INF] Worker running at: "2023-08-12T13:44:08.3081354+01:00"
2023-08-12 13:44:25.157 +01:00 [ERR] An exception has been raised that is likely due to a transient failure. Consider enabling transient error resiliency by adding 'EnableRetryOnFailure' to the 'UseSqlServer' call.
2023-08-12 13:44:45.442 +01:00 [INF] Worker Application Running
2023-08-12 13:44:45.489 +01:00 [INF] Worker running at: "2023-08-12T13:44:45.4836464+01:00"
2023-08-12 13:45:02.770 +01:00 [ERR] An exception has been raised that is likely due to a transient failure. Consider enabling transient error resiliency by adding 'EnableRetryOnFailure' to the 'UseSqlServer' call.
2023-08-12 13:45:25.667 +01:00 [INF] Worker Application Running
2023-08-12 13:45:25.712 +01:00 [INF] Worker running at: "2023-08-12T13:45:25.7081759+01:00"
2023-08-12 13:45:42.365 +01:00 [ERR] An exception has been raised that is likely due to a transient failure. Consider enabling transient error resiliency by adding 'EnableRetryOnFailure' to the 'UseSqlServer' call.
2023-08-12 13:46:03.287 +01:00 [INF] Worker Application Running
2023-08-12 13:46:03.333 +01:00 [INF] Worker running at: "2023-08-12T13:46:03.3287040+01:00"
2023-08-12 13:46:19.345 +01:00 [ERR] An exception has been raised that is likely due to a transient failure. Consider enabling transient error resiliency by adding 'EnableRetryOnFailure' to the 'UseSqlServer' call.
2023-08-12 13:46:42.884 +01:00 [INF] Worker Application Running
2023-08-12 13:46:42.932 +01:00 [INF] Worker running at: "2023-08-12T13:46:42.9269517+01:00"
2023-08-12 13:46:58.613 +01:00 [ERR] An exception has been raised that is likely due to a transient failure. Consider enabling transient error resiliency by adding 'EnableRetryOnFailure' to the 'UseSqlServer' call.
2023-08-12 13:47:19.909 +01:00 [INF] Worker Application Running
2023-08-12 13:47:19.956 +01:00 [INF] Worker running at: "2023-08-12T13:47:19.9509754+01:00"
2023-08-12 13:47:36.735 +01:00 [ERR] An exception has been raised that is likely due to a transient failure. Consider enabling transient error resiliency by adding 'EnableRetryOnFailure' to the 'UseSqlServer' call.
2023-08-12 13:47:59.119 +01:00 [INF] Worker Application Running
2023-08-12 13:47:59.169 +01:00 [INF] Worker running at: "2023-08-12T13:47:59.1639546+01:00"
2023-08-12 13:48:15.707 +01:00 [ERR] An exception has been raised that is likely due to a transient failure. Consider enabling transient error resiliency by adding 'EnableRetryOnFailure' to the 'UseSqlServer' call.
2023-08-12 13:48:37.246 +01:00 [INF] Worker Application Running
2023-08-12 13:48:37.292 +01:00 [INF] Worker running at: "2023-08-12T13:48:37.2871215+01:00"
2023-08-12 13:48:52.981 +01:00 [ERR] An exception has been raised that is likely due to a transient failure. Consider enabling transient error resiliency by adding 'EnableRetryOnFailure' to the 'UseSqlServer' call.
2023-08-12 13:49:16.216 +01:00 [INF] Worker Application Running
2023-08-12 13:49:16.262 +01:00 [INF] Worker running at: "2023-08-12T13:49:16.2579195+01:00"
2023-08-12 13:49:32.848 +01:00 [ERR] An exception has been raised that is likely due to a transient failure. Consider enabling transient error resiliency by adding 'EnableRetryOnFailure' to the 'UseSqlServer' call.
2023-08-12 13:49:53.477 +01:00 [INF] Worker Application Running
2023-08-12 13:49:53.523 +01:00 [INF] Worker running at: "2023-08-12T13:49:53.5181437+01:00"
2023-08-12 13:50:09.569 +01:00 [ERR] An exception has been raised that is likely due to a transient failure. Consider enabling transient error resiliency by adding 'EnableRetryOnFailure' to the 'UseSqlServer' call.
2023-08-12 13:50:33.360 +01:00 [INF] Worker Application Running
2023-08-12 13:50:33.407 +01:00 [INF] Worker running at: "2023-08-12T13:50:33.4022771+01:00"
2023-08-12 13:50:49.423 +01:00 [ERR] An exception has been raised that is likely due to a transient failure. Consider enabling transient error resiliency by adding 'EnableRetryOnFailure' to the 'UseSqlServer' call.
2023-08-12 13:51:10.070 +01:00 [INF] Worker Application Running
2023-08-12 13:51:10.116 +01:00 [INF] Worker running at: "2023-08-12T13:51:10.1114268+01:00"
2023-08-12 13:51:26.964 +01:00 [ERR] An exception has been raised that is likely due to a transient failure. Consider enabling transient error resiliency by adding 'EnableRetryOnFailure' to the 'UseSqlServer' call.
2023-08-12 13:51:49.937 +01:00 [INF] Worker Application Running
2023-08-12 13:51:49.984 +01:00 [INF] Worker running at: "2023-08-12T13:51:49.9787592+01:00"
2023-08-12 13:52:07.074 +01:00 [ERR] An exception has been raised that is likely due to a transient failure. Consider enabling transient error resiliency by adding 'EnableRetryOnFailure' to the 'UseSqlServer' call.
2023-08-12 13:52:27.477 +01:00 [INF] Worker Application Running
2023-08-12 13:52:27.523 +01:00 [INF] Worker running at: "2023-08-12T13:52:27.5181596+01:00"
2023-08-12 13:52:43.820 +01:00 [ERR] An exception has been raised that is likely due to a transient failure. Consider enabling transient error resiliency by adding 'EnableRetryOnFailure' to the 'UseSqlServer' call.
2023-08-12 13:53:07.578 +01:00 [INF] Worker Application Running
2023-08-12 13:53:07.623 +01:00 [INF] Worker running at: "2023-08-12T13:53:07.6185422+01:00"
2023-08-12 13:53:23.264 +01:00 [ERR] An exception has been raised that is likely due to a transient failure. Consider enabling transient error resiliency by adding 'EnableRetryOnFailure' to the 'UseSqlServer' call.
2023-08-12 13:53:44.313 +01:00 [INF] Worker Application Running
2023-08-12 13:53:44.359 +01:00 [INF] Worker running at: "2023-08-12T13:53:44.3545362+01:00"
2023-08-12 13:54:01.964 +01:00 [ERR] An exception has been raised that is likely due to a transient failure. Consider enabling transient error resiliency by adding 'EnableRetryOnFailure' to the 'UseSqlServer' call.
2023-08-12 13:54:23.845 +01:00 [INF] Worker Application Running
2023-08-12 13:54:23.891 +01:00 [INF] Worker running at: "2023-08-12T13:54:23.8859768+01:00"
2023-08-12 13:54:39.617 +01:00 [ERR] An exception has been raised that is likely due to a transient failure. Consider enabling transient error resiliency by adding 'EnableRetryOnFailure' to the 'UseSqlServer' call.
2023-08-12 13:55:02.489 +01:00 [INF] Worker Application Running
2023-08-12 13:55:02.535 +01:00 [INF] Worker running at: "2023-08-12T13:55:02.5303205+01:00"
2023-08-12 13:55:18.489 +01:00 [ERR] An exception has been raised that is likely due to a transient failure. Consider enabling transient error resiliency by adding 'EnableRetryOnFailure' to the 'UseSqlServer' call.
2023-08-12 13:55:40.114 +01:00 [INF] Worker Application Running
2023-08-12 13:55:40.159 +01:00 [INF] Worker running at: "2023-08-12T13:55:40.1541788+01:00"
2023-08-12 13:55:57.361 +01:00 [ERR] An exception has been raised that is likely due to a transient failure. Consider enabling transient error resiliency by adding 'EnableRetryOnFailure' to the 'UseSqlServer' call.
2023-08-12 13:56:18.996 +01:00 [INF] Worker Application Running
2023-08-12 13:56:19.047 +01:00 [INF] Worker running at: "2023-08-12T13:56:19.0417019+01:00"
2023-08-12 13:56:40.175 +01:00 [ERR] An exception has been raised that is likely due to a transient failure. Consider enabling transient error resiliency by adding 'EnableRetryOnFailure' to the 'UseSqlServer' call.
2023-08-12 13:56:57.865 +01:00 [INF] Worker Application Running
2023-08-12 13:56:57.912 +01:00 [INF] Worker running at: "2023-08-12T13:56:57.9079813+01:00"
2023-08-12 13:57:14.974 +01:00 [ERR] An exception has been raised that is likely due to a transient failure. Consider enabling transient error resiliency by adding 'EnableRetryOnFailure' to the 'UseSqlServer' call.
2023-08-12 13:57:40.682 +01:00 [INF] Worker Application Running
2023-08-12 13:57:40.727 +01:00 [INF] Worker running at: "2023-08-12T13:57:40.7231293+01:00"
2023-08-12 13:57:57.232 +01:00 [ERR] An exception has been raised that is likely due to a transient failure. Consider enabling transient error resiliency by adding 'EnableRetryOnFailure' to the 'UseSqlServer' call.
2023-08-12 13:58:15.515 +01:00 [INF] Worker Application Running
2023-08-12 13:58:15.574 +01:00 [INF] Worker running at: "2023-08-12T13:58:15.5681958+01:00"
2023-08-12 13:58:31.543 +01:00 [ERR] An exception has been raised that is likely due to a transient failure. Consider enabling transient error resiliency by adding 'EnableRetryOnFailure' to the 'UseSqlServer' call.
2023-08-12 13:58:57.755 +01:00 [INF] Worker Application Running
2023-08-12 13:58:57.803 +01:00 [INF] Worker running at: "2023-08-12T13:58:57.7977858+01:00"
2023-08-12 13:59:14.382 +01:00 [ERR] An exception has been raised that is likely due to a transient failure. Consider enabling transient error resiliency by adding 'EnableRetryOnFailure' to the 'UseSqlServer' call.
2023-08-12 13:59:32.083 +01:00 [INF] Worker Application Running
2023-08-12 13:59:32.128 +01:00 [INF] Worker running at: "2023-08-12T13:59:32.1242707+01:00"
2023-08-12 13:59:48.678 +01:00 [ERR] An exception has been raised that is likely due to a transient failure. Consider enabling transient error resiliency by adding 'EnableRetryOnFailure' to the 'UseSqlServer' call.
2023-08-12 14:00:14.883 +01:00 [INF] Worker Application Running
2023-08-12 14:00:14.929 +01:00 [INF] Worker running at: "2023-08-12T14:00:14.9249251+01:00"
2023-08-12 14:00:30.667 +01:00 [ERR] An exception has been raised that is likely due to a transient failure. Consider enabling transient error resiliency by adding 'EnableRetryOnFailure' to the 'UseSqlServer' call.
2023-08-12 14:00:49.194 +01:00 [INF] Worker Application Running
2023-08-12 14:00:49.240 +01:00 [INF] Worker running at: "2023-08-12T14:00:49.2357886+01:00"
2023-08-12 14:01:05.277 +01:00 [ERR] An exception has been raised that is likely due to a transient failure. Consider enabling transient error resiliency by adding 'EnableRetryOnFailure' to the 'UseSqlServer' call.
2023-08-12 14:01:31.181 +01:00 [INF] Worker Application Running
2023-08-12 14:01:31.227 +01:00 [INF] Worker running at: "2023-08-12T14:01:31.2231483+01:00"
2023-08-12 14:01:47.206 +01:00 [ERR] An exception has been raised that is likely due to a transient failure. Consider enabling transient error resiliency by adding 'EnableRetryOnFailure' to the 'UseSqlServer' call.
2023-08-12 14:02:05.801 +01:00 [INF] Worker Application Running
2023-08-12 14:02:05.846 +01:00 [INF] Worker running at: "2023-08-12T14:02:05.8416000+01:00"
2023-08-12 14:02:22.107 +01:00 [ERR] An exception has been raised that is likely due to a transient failure. Consider enabling transient error resiliency by adding 'EnableRetryOnFailure' to the 'UseSqlServer' call.
2023-08-12 14:02:47.726 +01:00 [INF] Worker Application Running
2023-08-12 14:02:47.773 +01:00 [INF] Worker running at: "2023-08-12T14:02:47.7686790+01:00"
2023-08-12 14:36:10.843 +01:00 [ERR] The operation has timed out.
2023-08-12 14:37:11.386 +01:00 [INF] Worker Application Running
2023-08-12 14:37:11.433 +01:00 [INF] Worker running at: "2023-08-12T14:37:11.4287543+01:00"
2023-08-12 14:37:26.987 +01:00 [ERR] An exception has been raised that is likely due to a transient failure. Consider enabling transient error resiliency by adding 'EnableRetryOnFailure' to the 'UseSqlServer' call.
2023-08-12 14:38:27.540 +01:00 [INF] Worker Application Running
2023-08-12 14:38:27.590 +01:00 [INF] Worker running at: "2023-08-12T14:38:27.5850551+01:00"
2023-08-12 14:38:44.088 +01:00 [ERR] An exception has been raised that is likely due to a transient failure. Consider enabling transient error resiliency by adding 'EnableRetryOnFailure' to the 'UseSqlServer' call.
2023-08-12 14:39:44.606 +01:00 [INF] Worker Application Running
2023-08-12 14:39:44.652 +01:00 [INF] Worker running at: "2023-08-12T14:39:44.6480446+01:00"
2023-08-12 14:40:00.414 +01:00 [ERR] An exception has been raised that is likely due to a transient failure. Consider enabling transient error resiliency by adding 'EnableRetryOnFailure' to the 'UseSqlServer' call.
2023-08-12 14:41:00.916 +01:00 [INF] Worker Application Running
2023-08-12 14:41:00.962 +01:00 [INF] Worker running at: "2023-08-12T14:41:00.9581713+01:00"
2023-08-12 14:41:16.414 +01:00 [ERR] An exception has been raised that is likely due to a transient failure. Consider enabling transient error resiliency by adding 'EnableRetryOnFailure' to the 'UseSqlServer' call.
2023-08-12 14:42:16.924 +01:00 [INF] Worker Application Running
2023-08-12 14:42:16.970 +01:00 [INF] Worker running at: "2023-08-12T14:42:16.9662356+01:00"
2023-08-12 14:42:33.513 +01:00 [ERR] An exception has been raised that is likely due to a transient failure. Consider enabling transient error resiliency by adding 'EnableRetryOnFailure' to the 'UseSqlServer' call.
2023-08-12 14:43:34.048 +01:00 [INF] Worker Application Running
2023-08-12 14:43:34.094 +01:00 [INF] Worker running at: "2023-08-12T14:43:34.0902229+01:00"
2023-08-12 14:43:51.129 +01:00 [ERR] An exception has been raised that is likely due to a transient failure. Consider enabling transient error resiliency by adding 'EnableRetryOnFailure' to the 'UseSqlServer' call.
2023-08-12 14:44:51.651 +01:00 [INF] Worker Application Running
2023-08-12 14:44:51.702 +01:00 [INF] Worker running at: "2023-08-12T14:44:51.6926797+01:00"
2023-08-12 14:45:12.605 +01:00 [ERR] An exception has been raised that is likely due to a transient failure. Consider enabling transient error resiliency by adding 'EnableRetryOnFailure' to the 'UseSqlServer' call.
2023-08-12 14:46:13.117 +01:00 [INF] Worker Application Running
2023-08-12 14:46:13.162 +01:00 [INF] Worker running at: "2023-08-12T14:46:13.1572406+01:00"
2023-08-12 14:46:29.921 +01:00 [ERR] An exception has been raised that is likely due to a transient failure. Consider enabling transient error resiliency by adding 'EnableRetryOnFailure' to the 'UseSqlServer' call.
2023-08-12 14:47:30.410 +01:00 [INF] Worker Application Running
2023-08-12 14:47:30.455 +01:00 [INF] Worker running at: "2023-08-12T14:47:30.4507972+01:00"
2023-08-12 14:47:46.160 +01:00 [ERR] An exception has been raised that is likely due to a transient failure. Consider enabling transient error resiliency by adding 'EnableRetryOnFailure' to the 'UseSqlServer' call.
2023-08-12 14:48:46.658 +01:00 [INF] Worker Application Running
2023-08-12 14:48:46.703 +01:00 [INF] Worker running at: "2023-08-12T14:48:46.6989701+01:00"
2023-08-12 14:49:03.461 +01:00 [ERR] An exception has been raised that is likely due to a transient failure. Consider enabling transient error resiliency by adding 'EnableRetryOnFailure' to the 'UseSqlServer' call.
2023-08-12 14:50:03.970 +01:00 [INF] Worker Application Running
2023-08-12 14:50:04.016 +01:00 [INF] Worker running at: "2023-08-12T14:50:04.0120788+01:00"
2023-08-12 14:50:20.555 +01:00 [ERR] An exception has been raised that is likely due to a transient failure. Consider enabling transient error resiliency by adding 'EnableRetryOnFailure' to the 'UseSqlServer' call.
2023-08-12 14:51:21.053 +01:00 [INF] Worker Application Running
2023-08-12 14:51:21.097 +01:00 [INF] Worker running at: "2023-08-12T14:51:21.0934808+01:00"
2023-08-12 14:51:38.012 +01:00 [ERR] An exception has been raised that is likely due to a transient failure. Consider enabling transient error resiliency by adding 'EnableRetryOnFailure' to the 'UseSqlServer' call.
2023-08-12 14:52:39.053 +01:00 [INF] Worker Application Running
2023-08-12 14:52:39.165 +01:00 [INF] Worker running at: "2023-08-12T14:52:39.1582450+01:00"
2023-08-12 14:52:55.443 +01:00 [ERR] An exception has been raised that is likely due to a transient failure. Consider enabling transient error resiliency by adding 'EnableRetryOnFailure' to the 'UseSqlServer' call.
2023-08-12 14:53:56.004 +01:00 [INF] Worker Application Running
2023-08-12 14:53:56.095 +01:00 [INF] Worker running at: "2023-08-12T14:53:56.0841864+01:00"
2023-08-12 14:54:13.272 +01:00 [ERR] An exception has been raised that is likely due to a transient failure. Consider enabling transient error resiliency by adding 'EnableRetryOnFailure' to the 'UseSqlServer' call.
2023-08-12 14:55:13.839 +01:00 [INF] Worker Application Running
2023-08-12 14:55:13.890 +01:00 [INF] Worker running at: "2023-08-12T14:55:13.8845826+01:00"
2023-08-12 14:55:31.533 +01:00 [ERR] An exception has been raised that is likely due to a transient failure. Consider enabling transient error resiliency by adding 'EnableRetryOnFailure' to the 'UseSqlServer' call.
2023-08-12 14:56:32.052 +01:00 [INF] Worker Application Running
2023-08-12 14:56:32.097 +01:00 [INF] Worker running at: "2023-08-12T14:56:32.0933320+01:00"
2023-08-12 14:56:48.585 +01:00 [ERR] An exception has been raised that is likely due to a transient failure. Consider enabling transient error resiliency by adding 'EnableRetryOnFailure' to the 'UseSqlServer' call.
2023-08-12 14:57:49.090 +01:00 [INF] Worker Application Running
2023-08-12 14:57:49.136 +01:00 [INF] Worker running at: "2023-08-12T14:57:49.1306791+01:00"
2023-08-12 14:58:05.979 +01:00 [ERR] An exception has been raised that is likely due to a transient failure. Consider enabling transient error resiliency by adding 'EnableRetryOnFailure' to the 'UseSqlServer' call.
2023-08-12 14:59:06.479 +01:00 [INF] Worker Application Running
2023-08-12 14:59:06.523 +01:00 [INF] Worker running at: "2023-08-12T14:59:06.5188643+01:00"
2023-08-12 14:59:22.466 +01:00 [ERR] An exception has been raised that is likely due to a transient failure. Consider enabling transient error resiliency by adding 'EnableRetryOnFailure' to the 'UseSqlServer' call.
2023-08-12 15:00:22.970 +01:00 [INF] Worker Application Running
2023-08-12 15:00:23.015 +01:00 [INF] Worker running at: "2023-08-12T15:00:23.0111009+01:00"
2023-08-12 15:00:39.316 +01:00 [ERR] An exception has been raised that is likely due to a transient failure. Consider enabling transient error resiliency by adding 'EnableRetryOnFailure' to the 'UseSqlServer' call.
2023-08-12 15:01:39.815 +01:00 [INF] Worker Application Running
2023-08-12 15:01:39.860 +01:00 [INF] Worker running at: "2023-08-12T15:01:39.8557727+01:00"
2023-08-12 15:01:55.272 +01:00 [ERR] An exception has been raised that is likely due to a transient failure. Consider enabling transient error resiliency by adding 'EnableRetryOnFailure' to the 'UseSqlServer' call.
2023-08-12 15:02:55.772 +01:00 [INF] Worker Application Running
2023-08-12 15:02:55.817 +01:00 [INF] Worker running at: "2023-08-12T15:02:55.8125438+01:00"
2023-08-12 15:03:11.216 +01:00 [ERR] An exception has been raised that is likely due to a transient failure. Consider enabling transient error resiliency by adding 'EnableRetryOnFailure' to the 'UseSqlServer' call.
2023-08-12 15:04:11.733 +01:00 [INF] Worker Application Running
2023-08-12 15:04:11.781 +01:00 [INF] Worker running at: "2023-08-12T15:04:11.7749376+01:00"
2023-08-12 15:04:27.538 +01:00 [ERR] An exception has been raised that is likely due to a transient failure. Consider enabling transient error resiliency by adding 'EnableRetryOnFailure' to the 'UseSqlServer' call.
2023-08-12 15:05:28.047 +01:00 [INF] Worker Application Running
2023-08-12 15:05:28.094 +01:00 [INF] Worker running at: "2023-08-12T15:05:28.0893349+01:00"
2023-08-12 15:05:49.432 +01:00 [ERR] An exception has been raised that is likely due to a transient failure. Consider enabling transient error resiliency by adding 'EnableRetryOnFailure' to the 'UseSqlServer' call.
2023-08-12 15:06:50.049 +01:00 [INF] Worker Application Running
2023-08-12 15:06:50.104 +01:00 [INF] Worker running at: "2023-08-12T15:06:50.0984800+01:00"
2023-08-12 15:07:06.598 +01:00 [ERR] An exception has been raised that is likely due to a transient failure. Consider enabling transient error resiliency by adding 'EnableRetryOnFailure' to the 'UseSqlServer' call.
2023-08-12 15:08:07.216 +01:00 [INF] Worker Application Running
2023-08-12 15:08:07.268 +01:00 [INF] Worker running at: "2023-08-12T15:08:07.2628154+01:00"
2023-08-12 15:08:24.707 +01:00 [ERR] An exception has been raised that is likely due to a transient failure. Consider enabling transient error resiliency by adding 'EnableRetryOnFailure' to the 'UseSqlServer' call.
2023-08-12 15:09:25.223 +01:00 [INF] Worker Application Running
2023-08-12 15:09:25.272 +01:00 [INF] Worker running at: "2023-08-12T15:09:25.2659131+01:00"
2023-08-12 15:09:42.571 +01:00 [ERR] An exception has been raised that is likely due to a transient failure. Consider enabling transient error resiliency by adding 'EnableRetryOnFailure' to the 'UseSqlServer' call.
2023-08-12 15:10:27.809 +01:00 [INF] Worker Application Running
2023-08-12 15:10:27.916 +01:00 [INF] Worker running at: "2023-08-12T15:10:27.9090521+01:00"
2023-08-12 15:10:51.738 +01:00 [ERR] A network-related or instance-specific error occurred while establishing a connection to SQL Server. The server was not found or was not accessible. Verify that the instance name is correct and that SQL Server is configured to allow remote connections. (provider: SNI_PN11, error: 26 - Error Locating Server/Instance Specified)
2023-08-12 15:11:55.818 +01:00 [INF] Worker Application Running
2023-08-12 15:11:55.948 +01:00 [INF] Worker running at: "2023-08-12T15:11:55.9434372+01:00"
2023-08-12 15:12:19.921 +01:00 [ERR] A network-related or instance-specific error occurred while establishing a connection to SQL Server. The server was not found or was not accessible. Verify that the instance name is correct and that SQL Server is configured to allow remote connections. (provider: SNI_PN11, error: 26 - Error Locating Server/Instance Specified)
2023-08-12 15:13:20.452 +01:00 [INF] Worker Application Running
2023-08-12 15:13:20.509 +01:00 [INF] Worker running at: "2023-08-12T15:13:20.5024584+01:00"
2023-08-12 15:13:37.035 +01:00 [ERR] An exception has been raised that is likely due to a transient failure. Consider enabling transient error resiliency by adding 'EnableRetryOnFailure' to the 'UseSqlServer' call.
2023-08-12 15:14:37.609 +01:00 [INF] Worker Application Running
2023-08-12 15:14:37.661 +01:00 [INF] Worker running at: "2023-08-12T15:14:37.6551216+01:00"
2023-08-12 15:14:53.688 +01:00 [ERR] An exception has been raised that is likely due to a transient failure. Consider enabling transient error resiliency by adding 'EnableRetryOnFailure' to the 'UseSqlServer' call.
2023-08-12 15:15:54.181 +01:00 [INF] Worker Application Running
2023-08-12 15:15:54.229 +01:00 [INF] Worker running at: "2023-08-12T15:15:54.2239558+01:00"
2023-08-12 15:16:09.771 +01:00 [ERR] An exception has been raised that is likely due to a transient failure. Consider enabling transient error resiliency by adding 'EnableRetryOnFailure' to the 'UseSqlServer' call.
2023-08-12 15:17:10.414 +01:00 [INF] Worker Application Running
2023-08-12 15:17:10.466 +01:00 [INF] Worker running at: "2023-08-12T15:17:10.4605629+01:00"
2023-08-12 15:17:27.700 +01:00 [ERR] An exception has been raised that is likely due to a transient failure. Consider enabling transient error resiliency by adding 'EnableRetryOnFailure' to the 'UseSqlServer' call.
2023-08-12 15:18:28.284 +01:00 [INF] Worker Application Running
2023-08-12 15:18:28.336 +01:00 [INF] Worker running at: "2023-08-12T15:18:28.3300554+01:00"
2023-08-12 15:18:47.538 +01:00 [ERR] An exception has been raised that is likely due to a transient failure. Consider enabling transient error resiliency by adding 'EnableRetryOnFailure' to the 'UseSqlServer' call.
2023-08-12 15:19:48.060 +01:00 [INF] Worker Application Running
2023-08-12 15:19:48.118 +01:00 [INF] Worker running at: "2023-08-12T15:19:48.1120491+01:00"
2023-08-12 15:20:03.696 +01:00 [ERR] An exception has been raised that is likely due to a transient failure. Consider enabling transient error resiliency by adding 'EnableRetryOnFailure' to the 'UseSqlServer' call.
2023-08-12 15:21:07.454 +01:00 [INF] Worker Application Running
2023-08-12 15:21:07.605 +01:00 [INF] Worker running at: "2023-08-12T15:21:07.5998643+01:00"
2023-08-12 15:21:27.670 +01:00 [ERR] An exception has been raised that is likely due to a transient failure. Consider enabling transient error resiliency by adding 'EnableRetryOnFailure' to the 'UseSqlServer' call.
2023-08-12 15:22:28.523 +01:00 [INF] Worker Application Running
2023-08-12 15:22:28.606 +01:00 [INF] Worker running at: "2023-08-12T15:22:28.5964422+01:00"
2023-08-12 15:22:45.732 +01:00 [ERR] An exception has been raised that is likely due to a transient failure. Consider enabling transient error resiliency by adding 'EnableRetryOnFailure' to the 'UseSqlServer' call.
2023-08-12 15:23:46.540 +01:00 [INF] Worker Application Running
2023-08-12 15:23:46.614 +01:00 [INF] Worker running at: "2023-08-12T15:23:46.6073421+01:00"
2023-08-12 15:24:05.145 +01:00 [ERR] An exception has been raised that is likely due to a transient failure. Consider enabling transient error resiliency by adding 'EnableRetryOnFailure' to the 'UseSqlServer' call.
2023-08-12 15:25:05.952 +01:00 [INF] Worker Application Running
2023-08-12 15:25:06.025 +01:00 [INF] Worker running at: "2023-08-12T15:25:06.0186005+01:00"
2023-08-12 15:25:23.876 +01:00 [ERR] An exception has been raised that is likely due to a transient failure. Consider enabling transient error resiliency by adding 'EnableRetryOnFailure' to the 'UseSqlServer' call.
2023-08-12 15:26:24.700 +01:00 [INF] Worker Application Running
2023-08-12 15:26:24.773 +01:00 [INF] Worker running at: "2023-08-12T15:26:24.7669791+01:00"
2023-08-12 15:26:43.090 +01:00 [ERR] An exception has been raised that is likely due to a transient failure. Consider enabling transient error resiliency by adding 'EnableRetryOnFailure' to the 'UseSqlServer' call.
2023-08-12 15:27:43.988 +01:00 [INF] Worker Application Running
2023-08-12 15:27:44.062 +01:00 [INF] Worker running at: "2023-08-12T15:27:44.0564476+01:00"
2023-08-12 15:28:02.280 +01:00 [ERR] An exception has been raised that is likely due to a transient failure. Consider enabling transient error resiliency by adding 'EnableRetryOnFailure' to the 'UseSqlServer' call.
2023-08-12 15:29:03.092 +01:00 [INF] Worker Application Running
2023-08-12 15:29:03.172 +01:00 [INF] Worker running at: "2023-08-12T15:29:03.1641906+01:00"
2023-08-12 15:29:20.821 +01:00 [ERR] An exception has been raised that is likely due to a transient failure. Consider enabling transient error resiliency by adding 'EnableRetryOnFailure' to the 'UseSqlServer' call.
2023-08-12 15:30:21.624 +01:00 [INF] Worker Application Running
2023-08-12 15:30:21.702 +01:00 [INF] Worker running at: "2023-08-12T15:30:21.6961305+01:00"
2023-08-12 15:30:44.276 +01:00 [ERR] An exception has been raised that is likely due to a transient failure. Consider enabling transient error resiliency by adding 'EnableRetryOnFailure' to the 'UseSqlServer' call.
2023-08-12 15:31:45.115 +01:00 [INF] Worker Application Running
2023-08-12 15:31:45.192 +01:00 [INF] Worker running at: "2023-08-12T15:31:45.1847603+01:00"
2023-08-12 15:32:02.162 +01:00 [ERR] An exception has been raised that is likely due to a transient failure. Consider enabling transient error resiliency by adding 'EnableRetryOnFailure' to the 'UseSqlServer' call.
2023-08-12 15:33:03.100 +01:00 [INF] Worker Application Running
2023-08-12 15:33:03.174 +01:00 [INF] Worker running at: "2023-08-12T15:33:03.1677309+01:00"
2023-08-12 15:33:20.312 +01:00 [ERR] An exception has been raised that is likely due to a transient failure. Consider enabling transient error resiliency by adding 'EnableRetryOnFailure' to the 'UseSqlServer' call.
2023-08-12 15:34:21.155 +01:00 [INF] Worker Application Running
2023-08-12 15:34:21.228 +01:00 [INF] Worker running at: "2023-08-12T15:34:21.2220081+01:00"
2023-08-12 15:34:38.889 +01:00 [ERR] An exception has been raised that is likely due to a transient failure. Consider enabling transient error resiliency by adding 'EnableRetryOnFailure' to the 'UseSqlServer' call.
2023-08-12 15:35:39.735 +01:00 [INF] Worker Application Running
2023-08-12 15:35:39.814 +01:00 [INF] Worker running at: "2023-08-12T15:35:39.8068043+01:00"
2023-08-12 15:35:57.402 +01:00 [ERR] An exception has been raised that is likely due to a transient failure. Consider enabling transient error resiliency by adding 'EnableRetryOnFailure' to the 'UseSqlServer' call.
2023-08-12 15:36:58.478 +01:00 [INF] Worker Application Running
2023-08-12 15:36:58.572 +01:00 [INF] Worker running at: "2023-08-12T15:36:58.5625541+01:00"
2023-08-12 15:37:18.101 +01:00 [ERR] An exception has been raised that is likely due to a transient failure. Consider enabling transient error resiliency by adding 'EnableRetryOnFailure' to the 'UseSqlServer' call.
2023-08-12 15:38:19.230 +01:00 [INF] Worker Application Running
2023-08-12 15:38:19.327 +01:00 [INF] Worker running at: "2023-08-12T15:38:19.3201014+01:00"
2023-08-12 15:38:38.867 +01:00 [ERR] An exception has been raised that is likely due to a transient failure. Consider enabling transient error resiliency by adding 'EnableRetryOnFailure' to the 'UseSqlServer' call.
2023-08-12 15:39:39.695 +01:00 [INF] Worker Application Running
2023-08-12 15:39:39.772 +01:00 [INF] Worker running at: "2023-08-12T15:39:39.7632122+01:00"
2023-08-12 15:39:57.259 +01:00 [ERR] An exception has been raised that is likely due to a transient failure. Consider enabling transient error resiliency by adding 'EnableRetryOnFailure' to the 'UseSqlServer' call.
2023-08-12 15:40:57.790 +01:00 [INF] Worker Application Running
2023-08-12 15:40:57.839 +01:00 [INF] Worker running at: "2023-08-12T15:40:57.8338571+01:00"
2023-08-12 15:41:26.137 +01:00 [ERR] An exception has been raised that is likely due to a transient failure. Consider enabling transient error resiliency by adding 'EnableRetryOnFailure' to the 'UseSqlServer' call.
2023-08-12 15:42:26.673 +01:00 [INF] Worker Application Running
2023-08-12 15:42:26.718 +01:00 [INF] Worker running at: "2023-08-12T15:42:26.7134366+01:00"
2023-08-12 15:42:51.560 +01:00 [ERR] An exception has been raised that is likely due to a transient failure. Consider enabling transient error resiliency by adding 'EnableRetryOnFailure' to the 'UseSqlServer' call.
2023-08-12 15:43:52.051 +01:00 [INF] Worker Application Running
2023-08-12 15:43:52.096 +01:00 [INF] Worker running at: "2023-08-12T15:43:52.0919480+01:00"
2023-08-12 15:44:08.473 +01:00 [ERR] An exception has been raised that is likely due to a transient failure. Consider enabling transient error resiliency by adding 'EnableRetryOnFailure' to the 'UseSqlServer' call.
2023-08-12 15:45:08.975 +01:00 [INF] Worker Application Running
2023-08-12 15:45:09.020 +01:00 [INF] Worker running at: "2023-08-12T15:45:09.0148666+01:00"
2023-08-12 15:45:25.934 +01:00 [ERR] An exception has been raised that is likely due to a transient failure. Consider enabling transient error resiliency by adding 'EnableRetryOnFailure' to the 'UseSqlServer' call.
2023-08-12 15:46:26.442 +01:00 [INF] Worker Application Running
2023-08-12 15:46:26.486 +01:00 [INF] Worker running at: "2023-08-12T15:46:26.4825434+01:00"
2023-08-12 15:47:16.774 +01:00 [ERR] An exception has been raised that is likely due to a transient failure. Consider enabling transient error resiliency by adding 'EnableRetryOnFailure' to the 'UseSqlServer' call.
2023-08-12 15:48:17.282 +01:00 [INF] Worker Application Running
2023-08-12 15:48:17.327 +01:00 [INF] Worker running at: "2023-08-12T15:48:17.3226831+01:00"
2023-08-12 15:48:44.117 +01:00 [ERR] An exception has been raised that is likely due to a transient failure. Consider enabling transient error resiliency by adding 'EnableRetryOnFailure' to the 'UseSqlServer' call.
2023-08-12 15:49:44.616 +01:00 [INF] Worker Application Running
2023-08-12 15:49:44.661 +01:00 [INF] Worker running at: "2023-08-12T15:49:44.6567181+01:00"
2023-08-12 15:50:15.703 +01:00 [ERR] An exception has been raised that is likely due to a transient failure. Consider enabling transient error resiliency by adding 'EnableRetryOnFailure' to the 'UseSqlServer' call.
2023-08-12 15:51:16.194 +01:00 [INF] Worker Application Running
2023-08-12 15:51:16.246 +01:00 [INF] Worker running at: "2023-08-12T15:51:16.2395847+01:00"
2023-08-12 15:51:33.399 +01:00 [ERR] An exception has been raised that is likely due to a transient failure. Consider enabling transient error resiliency by adding 'EnableRetryOnFailure' to the 'UseSqlServer' call.
2023-08-12 15:52:33.940 +01:00 [INF] Worker Application Running
2023-08-12 15:52:33.983 +01:00 [INF] Worker running at: "2023-08-12T15:52:33.9796560+01:00"
2023-08-12 15:53:03.940 +01:00 [ERR] An exception has been raised that is likely due to a transient failure. Consider enabling transient error resiliency by adding 'EnableRetryOnFailure' to the 'UseSqlServer' call.
2023-08-12 15:54:04.451 +01:00 [INF] Worker Application Running
2023-08-12 15:54:04.498 +01:00 [INF] Worker running at: "2023-08-12T15:54:04.4933315+01:00"
2023-08-12 15:54:25.068 +01:00 [ERR] An exception has been raised that is likely due to a transient failure. Consider enabling transient error resiliency by adding 'EnableRetryOnFailure' to the 'UseSqlServer' call.
2023-08-12 15:55:25.582 +01:00 [INF] Worker Application Running
2023-08-12 15:55:25.626 +01:00 [INF] Worker running at: "2023-08-12T15:55:25.6219238+01:00"
2023-08-12 15:55:41.442 +01:00 [ERR] An exception has been raised that is likely due to a transient failure. Consider enabling transient error resiliency by adding 'EnableRetryOnFailure' to the 'UseSqlServer' call.
2023-08-12 15:56:41.949 +01:00 [INF] Worker Application Running
2023-08-12 15:56:41.995 +01:00 [INF] Worker running at: "2023-08-12T15:56:41.9906900+01:00"
2023-08-12 15:57:42.700 +01:00 [ERR] An exception has been raised that is likely due to a transient failure. Consider enabling transient error resiliency by adding 'EnableRetryOnFailure' to the 'UseSqlServer' call.
2023-08-12 15:58:43.205 +01:00 [INF] Worker Application Running
2023-08-12 15:58:43.251 +01:00 [INF] Worker running at: "2023-08-12T15:58:43.2463559+01:00"
2023-08-12 15:59:21.870 +01:00 [ERR] An exception has been raised that is likely due to a transient failure. Consider enabling transient error resiliency by adding 'EnableRetryOnFailure' to the 'UseSqlServer' call.
2023-08-12 16:00:22.388 +01:00 [INF] Worker Application Running
2023-08-12 16:00:22.433 +01:00 [INF] Worker running at: "2023-08-12T16:00:22.4285214+01:00"
2023-08-12 16:00:40.964 +01:00 [ERR] An exception has been raised that is likely due to a transient failure. Consider enabling transient error resiliency by adding 'EnableRetryOnFailure' to the 'UseSqlServer' call.
2023-08-12 16:01:41.472 +01:00 [INF] Worker Application Running
2023-08-12 16:01:41.519 +01:00 [INF] Worker running at: "2023-08-12T16:01:41.5145634+01:00"
2023-08-12 16:02:13.973 +01:00 [ERR] An exception has been raised that is likely due to a transient failure. Consider enabling transient error resiliency by adding 'EnableRetryOnFailure' to the 'UseSqlServer' call.
2023-08-12 16:03:14.491 +01:00 [INF] Worker Application Running
2023-08-12 16:03:14.535 +01:00 [INF] Worker running at: "2023-08-12T16:03:14.5313568+01:00"
2023-08-12 16:03:31.305 +01:00 [ERR] An exception has been raised that is likely due to a transient failure. Consider enabling transient error resiliency by adding 'EnableRetryOnFailure' to the 'UseSqlServer' call.
2023-08-12 16:04:31.792 +01:00 [INF] Worker Application Running
2023-08-12 16:04:31.836 +01:00 [INF] Worker running at: "2023-08-12T16:04:31.8324826+01:00"
2023-08-12 16:05:06.309 +01:00 [ERR] An exception has been raised that is likely due to a transient failure. Consider enabling transient error resiliency by adding 'EnableRetryOnFailure' to the 'UseSqlServer' call.
2023-08-12 16:06:06.812 +01:00 [INF] Worker Application Running
2023-08-12 16:06:06.857 +01:00 [INF] Worker running at: "2023-08-12T16:06:06.8531299+01:00"
2023-08-12 16:06:23.526 +01:00 [ERR] An exception has been raised that is likely due to a transient failure. Consider enabling transient error resiliency by adding 'EnableRetryOnFailure' to the 'UseSqlServer' call.
2023-08-12 16:07:24.017 +01:00 [INF] Worker Application Running
2023-08-12 16:07:24.061 +01:00 [INF] Worker running at: "2023-08-12T16:07:24.0570819+01:00"
2023-08-12 16:07:47.515 +01:00 [ERR] An exception has been raised that is likely due to a transient failure. Consider enabling transient error resiliency by adding 'EnableRetryOnFailure' to the 'UseSqlServer' call.
2023-08-12 16:08:48.036 +01:00 [INF] Worker Application Running
2023-08-12 16:08:48.085 +01:00 [INF] Worker running at: "2023-08-12T16:08:48.0802918+01:00"
2023-08-12 16:09:05.550 +01:00 [ERR] An exception has been raised that is likely due to a transient failure. Consider enabling transient error resiliency by adding 'EnableRetryOnFailure' to the 'UseSqlServer' call.
2023-08-12 16:10:06.046 +01:00 [INF] Worker Application Running
2023-08-12 16:10:06.091 +01:00 [INF] Worker running at: "2023-08-12T16:10:06.0864960+01:00"
2023-08-12 16:10:21.872 +01:00 [ERR] An exception has been raised that is likely due to a transient failure. Consider enabling transient error resiliency by adding 'EnableRetryOnFailure' to the 'UseSqlServer' call.
2023-08-12 16:11:22.396 +01:00 [INF] Worker Application Running
2023-08-12 16:11:22.443 +01:00 [INF] Worker running at: "2023-08-12T16:11:22.4378869+01:00"
2023-08-12 16:11:39.210 +01:00 [ERR] An exception has been raised that is likely due to a transient failure. Consider enabling transient error resiliency by adding 'EnableRetryOnFailure' to the 'UseSqlServer' call.
2023-08-12 16:12:39.728 +01:00 [INF] Worker Application Running
2023-08-12 16:12:39.776 +01:00 [INF] Worker running at: "2023-08-12T16:12:39.7705122+01:00"
2023-08-12 16:12:57.549 +01:00 [ERR] An exception has been raised that is likely due to a transient failure. Consider enabling transient error resiliency by adding 'EnableRetryOnFailure' to the 'UseSqlServer' call.
2023-08-12 16:13:58.077 +01:00 [INF] Worker Application Running
2023-08-12 16:13:58.133 +01:00 [INF] Worker running at: "2023-08-12T16:13:58.1268794+01:00"
2023-08-12 16:14:15.093 +01:00 [ERR] An exception has been raised that is likely due to a transient failure. Consider enabling transient error resiliency by adding 'EnableRetryOnFailure' to the 'UseSqlServer' call.
2023-08-12 16:15:15.604 +01:00 [INF] Worker Application Running
2023-08-12 16:15:15.651 +01:00 [INF] Worker running at: "2023-08-12T16:15:15.6456006+01:00"
2023-08-12 16:15:49.189 +01:00 [ERR] An exception has been raised that is likely due to a transient failure. Consider enabling transient error resiliency by adding 'EnableRetryOnFailure' to the 'UseSqlServer' call.
2023-08-12 16:16:49.721 +01:00 [INF] Worker Application Running
2023-08-12 16:16:49.765 +01:00 [INF] Worker running at: "2023-08-12T16:16:49.7614356+01:00"
2023-08-12 16:17:13.461 +01:00 [ERR] An exception has been raised that is likely due to a transient failure. Consider enabling transient error resiliency by adding 'EnableRetryOnFailure' to the 'UseSqlServer' call.
2023-08-12 16:18:14.006 +01:00 [INF] Worker Application Running
2023-08-12 16:18:14.065 +01:00 [INF] Worker running at: "2023-08-12T16:18:14.0608192+01:00"
2023-08-12 16:18:30.422 +01:00 [ERR] An exception has been raised that is likely due to a transient failure. Consider enabling transient error resiliency by adding 'EnableRetryOnFailure' to the 'UseSqlServer' call.
2023-08-12 16:19:32.687 +01:00 [INF] Worker Application Running
2023-08-12 16:19:32.954 +01:00 [INF] Worker running at: "2023-08-12T16:19:32.9430230+01:00"
2023-08-12 16:20:07.089 +01:00 [ERR] An exception has been raised that is likely due to a transient failure. Consider enabling transient error resiliency by adding 'EnableRetryOnFailure' to the 'UseSqlServer' call.
2023-08-12 16:21:07.904 +01:00 [INF] Worker Application Running
2023-08-12 16:21:07.973 +01:00 [INF] Worker running at: "2023-08-12T16:21:07.9668907+01:00"
2023-08-12 16:21:26.677 +01:00 [ERR] An exception has been raised that is likely due to a transient failure. Consider enabling transient error resiliency by adding 'EnableRetryOnFailure' to the 'UseSqlServer' call.
2023-08-12 16:22:27.268 +01:00 [INF] Worker Application Running
2023-08-12 16:22:27.320 +01:00 [INF] Worker running at: "2023-08-12T16:22:27.3128265+01:00"
2023-08-12 16:22:43.612 +01:00 [ERR] An exception has been raised that is likely due to a transient failure. Consider enabling transient error resiliency by adding 'EnableRetryOnFailure' to the 'UseSqlServer' call.
2023-08-12 16:23:44.630 +01:00 [INF] Worker Application Running
2023-08-12 16:23:44.743 +01:00 [INF] Worker running at: "2023-08-12T16:23:44.7360992+01:00"
2023-08-12 16:24:01.837 +01:00 [ERR] An exception has been raised that is likely due to a transient failure. Consider enabling transient error resiliency by adding 'EnableRetryOnFailure' to the 'UseSqlServer' call.
2023-08-12 16:25:02.370 +01:00 [INF] Worker Application Running
2023-08-12 16:25:02.426 +01:00 [INF] Worker running at: "2023-08-12T16:25:02.4206140+01:00"
2023-08-12 16:25:21.544 +01:00 [ERR] An exception has been raised that is likely due to a transient failure. Consider enabling transient error resiliency by adding 'EnableRetryOnFailure' to the 'UseSqlServer' call.
2023-08-12 16:26:22.170 +01:00 [INF] Worker Application Running
2023-08-12 16:26:22.232 +01:00 [INF] Worker running at: "2023-08-12T16:26:22.2262344+01:00"
2023-08-12 16:26:42.044 +01:00 [ERR] An exception has been raised that is likely due to a transient failure. Consider enabling transient error resiliency by adding 'EnableRetryOnFailure' to the 'UseSqlServer' call.
2023-08-12 16:27:42.636 +01:00 [INF] Worker Application Running
2023-08-12 16:27:42.684 +01:00 [INF] Worker running at: "2023-08-12T16:27:42.6788033+01:00"
2023-08-12 16:27:59.822 +01:00 [ERR] An exception has been raised that is likely due to a transient failure. Consider enabling transient error resiliency by adding 'EnableRetryOnFailure' to the 'UseSqlServer' call.
2023-08-12 16:29:00.763 +01:00 [INF] Worker Application Running
2023-08-12 16:29:00.850 +01:00 [INF] Worker running at: "2023-08-12T16:29:00.8444146+01:00"
2023-08-12 16:29:21.627 +01:00 [ERR] An exception has been raised that is likely due to a transient failure. Consider enabling transient error resiliency by adding 'EnableRetryOnFailure' to the 'UseSqlServer' call.
2023-08-12 16:30:22.268 +01:00 [INF] Worker Application Running
2023-08-12 16:30:22.313 +01:00 [INF] Worker running at: "2023-08-12T16:30:22.3085821+01:00"
2023-08-12 16:30:42.396 +01:00 [ERR] An exception has been raised that is likely due to a transient failure. Consider enabling transient error resiliency by adding 'EnableRetryOnFailure' to the 'UseSqlServer' call.
2023-08-12 16:31:43.152 +01:00 [INF] Worker Application Running
2023-08-12 16:31:43.207 +01:00 [INF] Worker running at: "2023-08-12T16:31:43.2005218+01:00"
2023-08-12 16:32:05.355 +01:00 [ERR] An exception has been raised that is likely due to a transient failure. Consider enabling transient error resiliency by adding 'EnableRetryOnFailure' to the 'UseSqlServer' call.
2023-08-12 16:33:05.860 +01:00 [INF] Worker Application Running
2023-08-12 16:33:05.904 +01:00 [INF] Worker running at: "2023-08-12T16:33:05.9002258+01:00"
2023-08-12 16:33:22.002 +01:00 [ERR] An exception has been raised that is likely due to a transient failure. Consider enabling transient error resiliency by adding 'EnableRetryOnFailure' to the 'UseSqlServer' call.
2023-08-12 16:34:22.477 +01:00 [INF] Worker Application Running
2023-08-12 16:34:22.521 +01:00 [INF] Worker running at: "2023-08-12T16:34:22.5160678+01:00"
2023-08-12 16:34:38.412 +01:00 [ERR] An exception has been raised that is likely due to a transient failure. Consider enabling transient error resiliency by adding 'EnableRetryOnFailure' to the 'UseSqlServer' call.
2023-08-12 16:35:38.893 +01:00 [INF] Worker Application Running
2023-08-12 16:35:38.942 +01:00 [INF] Worker running at: "2023-08-12T16:35:38.9369446+01:00"
2023-08-12 16:35:56.663 +01:00 [ERR] An exception has been raised that is likely due to a transient failure. Consider enabling transient error resiliency by adding 'EnableRetryOnFailure' to the 'UseSqlServer' call.
2023-08-12 16:36:57.166 +01:00 [INF] Worker Application Running
2023-08-12 16:36:57.210 +01:00 [INF] Worker running at: "2023-08-12T16:36:57.2058282+01:00"
2023-08-12 16:37:18.042 +01:00 [ERR] An exception has been raised that is likely due to a transient failure. Consider enabling transient error resiliency by adding 'EnableRetryOnFailure' to the 'UseSqlServer' call.
2023-08-12 16:38:18.542 +01:00 [INF] Worker Application Running
2023-08-12 16:38:18.586 +01:00 [INF] Worker running at: "2023-08-12T16:38:18.5822173+01:00"
2023-08-12 16:38:34.988 +01:00 [ERR] An exception has been raised that is likely due to a transient failure. Consider enabling transient error resiliency by adding 'EnableRetryOnFailure' to the 'UseSqlServer' call.
2023-08-12 16:39:35.476 +01:00 [INF] Worker Application Running
2023-08-12 16:39:35.520 +01:00 [INF] Worker running at: "2023-08-12T16:39:35.5153086+01:00"
2023-08-12 16:39:53.006 +01:00 [ERR] An exception has been raised that is likely due to a transient failure. Consider enabling transient error resiliency by adding 'EnableRetryOnFailure' to the 'UseSqlServer' call.
2023-08-12 16:40:53.505 +01:00 [INF] Worker Application Running
2023-08-12 16:40:53.549 +01:00 [INF] Worker running at: "2023-08-12T16:40:53.5455048+01:00"
2023-08-12 16:41:12.428 +01:00 [ERR] An exception has been raised that is likely due to a transient failure. Consider enabling transient error resiliency by adding 'EnableRetryOnFailure' to the 'UseSqlServer' call.
2023-08-12 16:42:12.936 +01:00 [INF] Worker Application Running
2023-08-12 16:42:12.979 +01:00 [INF] Worker running at: "2023-08-12T16:42:12.9756190+01:00"
2023-08-12 16:42:42.532 +01:00 [ERR] An exception has been raised that is likely due to a transient failure. Consider enabling transient error resiliency by adding 'EnableRetryOnFailure' to the 'UseSqlServer' call.
2023-08-12 16:43:43.010 +01:00 [INF] Worker Application Running
2023-08-12 16:43:43.053 +01:00 [INF] Worker running at: "2023-08-12T16:43:43.0493007+01:00"
2023-08-12 16:44:05.125 +01:00 [ERR] An exception has been raised that is likely due to a transient failure. Consider enabling transient error resiliency by adding 'EnableRetryOnFailure' to the 'UseSqlServer' call.
2023-08-12 16:45:05.617 +01:00 [INF] Worker Application Running
2023-08-12 16:45:05.660 +01:00 [INF] Worker running at: "2023-08-12T16:45:05.6564460+01:00"
2023-08-12 16:45:32.554 +01:00 [ERR] An exception has been raised that is likely due to a transient failure. Consider enabling transient error resiliency by adding 'EnableRetryOnFailure' to the 'UseSqlServer' call.
2023-08-12 16:46:33.043 +01:00 [INF] Worker Application Running
2023-08-12 16:46:33.087 +01:00 [INF] Worker running at: "2023-08-12T16:46:33.0828945+01:00"
2023-08-12 16:46:48.367 +01:00 [ERR] An exception has been raised that is likely due to a transient failure. Consider enabling transient error resiliency by adding 'EnableRetryOnFailure' to the 'UseSqlServer' call.
2023-08-12 16:47:48.847 +01:00 [INF] Worker Application Running
2023-08-12 16:47:48.891 +01:00 [INF] Worker running at: "2023-08-12T16:47:48.8874451+01:00"
2023-08-12 16:48:41.049 +01:00 [ERR] An exception has been raised that is likely due to a transient failure. Consider enabling transient error resiliency by adding 'EnableRetryOnFailure' to the 'UseSqlServer' call.
2023-08-12 16:49:41.514 +01:00 [INF] Worker Application Running
2023-08-12 16:49:41.560 +01:00 [INF] Worker running at: "2023-08-12T16:49:41.5567156+01:00"
2023-08-12 16:49:59.333 +01:00 [ERR] An exception has been raised that is likely due to a transient failure. Consider enabling transient error resiliency by adding 'EnableRetryOnFailure' to the 'UseSqlServer' call.
2023-08-12 16:50:59.840 +01:00 [INF] Worker Application Running
2023-08-12 16:50:59.883 +01:00 [INF] Worker running at: "2023-08-12T16:50:59.8795014+01:00"
2023-08-12 16:51:23.533 +01:00 [ERR] An exception has been raised that is likely due to a transient failure. Consider enabling transient error resiliency by adding 'EnableRetryOnFailure' to the 'UseSqlServer' call.
2023-08-12 16:52:24.020 +01:00 [INF] Worker Application Running
2023-08-12 16:52:24.063 +01:00 [INF] Worker running at: "2023-08-12T16:52:24.0596359+01:00"
2023-08-12 16:52:41.902 +01:00 [ERR] An exception has been raised that is likely due to a transient failure. Consider enabling transient error resiliency by adding 'EnableRetryOnFailure' to the 'UseSqlServer' call.
2023-08-12 16:53:42.391 +01:00 [INF] Worker Application Running
2023-08-12 16:53:42.435 +01:00 [INF] Worker running at: "2023-08-12T16:53:42.4309789+01:00"
2023-08-12 16:54:16.272 +01:00 [ERR] An exception has been raised that is likely due to a transient failure. Consider enabling transient error resiliency by adding 'EnableRetryOnFailure' to the 'UseSqlServer' call.
2023-08-12 16:55:16.759 +01:00 [INF] Worker Application Running
2023-08-12 16:55:16.803 +01:00 [INF] Worker running at: "2023-08-12T16:55:16.7983847+01:00"
2023-08-12 16:55:33.103 +01:00 [ERR] An exception has been raised that is likely due to a transient failure. Consider enabling transient error resiliency by adding 'EnableRetryOnFailure' to the 'UseSqlServer' call.
2023-08-12 16:56:33.574 +01:00 [INF] Worker Application Running
2023-08-12 16:56:33.619 +01:00 [INF] Worker running at: "2023-08-12T16:56:33.6139309+01:00"
2023-08-12 16:56:51.381 +01:00 [ERR] An exception has been raised that is likely due to a transient failure. Consider enabling transient error resiliency by adding 'EnableRetryOnFailure' to the 'UseSqlServer' call.
2023-08-12 16:57:51.865 +01:00 [INF] Worker Application Running
2023-08-12 16:57:51.909 +01:00 [INF] Worker running at: "2023-08-12T16:57:51.9057001+01:00"
2023-08-12 16:58:08.571 +01:00 [ERR] An exception has been raised that is likely due to a transient failure. Consider enabling transient error resiliency by adding 'EnableRetryOnFailure' to the 'UseSqlServer' call.
2023-08-12 16:59:09.062 +01:00 [INF] Worker Application Running
2023-08-12 16:59:09.107 +01:00 [INF] Worker running at: "2023-08-12T16:59:09.1034400+01:00"
2023-08-12 16:59:59.603 +01:00 [ERR] An exception has been raised that is likely due to a transient failure. Consider enabling transient error resiliency by adding 'EnableRetryOnFailure' to the 'UseSqlServer' call.
2023-08-12 17:01:00.081 +01:00 [INF] Worker Application Running
2023-08-12 17:01:00.125 +01:00 [INF] Worker running at: "2023-08-12T17:01:00.1200718+01:00"
2023-08-12 17:01:53.005 +01:00 [ERR] An exception has been raised that is likely due to a transient failure. Consider enabling transient error resiliency by adding 'EnableRetryOnFailure' to the 'UseSqlServer' call.
2023-08-12 17:05:59.440 +01:00 [INF] Worker Application Running
2023-08-12 17:05:59.486 +01:00 [INF] Worker running at: "2023-08-12T17:05:59.4815521+01:00"
2023-08-12 17:06:16.830 +01:00 [ERR] An exception has been raised that is likely due to a transient failure. Consider enabling transient error resiliency by adding 'EnableRetryOnFailure' to the 'UseSqlServer' call.
2023-08-12 17:07:17.296 +01:00 [INF] Worker Application Running
2023-08-12 17:07:17.340 +01:00 [INF] Worker running at: "2023-08-12T17:07:17.3364426+01:00"
2023-08-12 17:07:41.142 +01:00 [ERR] An exception has been raised that is likely due to a transient failure. Consider enabling transient error resiliency by adding 'EnableRetryOnFailure' to the 'UseSqlServer' call.
2023-08-12 17:08:41.627 +01:00 [INF] Worker Application Running
2023-08-12 17:08:41.672 +01:00 [INF] Worker running at: "2023-08-12T17:08:41.6670339+01:00"
2023-08-12 17:09:53.933 +01:00 [ERR] An exception has been raised that is likely due to a transient failure. Consider enabling transient error resiliency by adding 'EnableRetryOnFailure' to the 'UseSqlServer' call.
2023-08-12 17:10:54.436 +01:00 [INF] Worker Application Running
2023-08-12 17:10:54.482 +01:00 [INF] Worker running at: "2023-08-12T17:10:54.4782171+01:00"
2023-08-12 17:11:25.937 +01:00 [ERR] An exception has been raised that is likely due to a transient failure. Consider enabling transient error resiliency by adding 'EnableRetryOnFailure' to the 'UseSqlServer' call.
2023-08-12 17:12:26.440 +01:00 [INF] Worker Application Running
2023-08-12 17:12:26.485 +01:00 [INF] Worker running at: "2023-08-12T17:12:26.4803833+01:00"
2023-08-12 17:12:42.596 +01:00 [ERR] An exception has been raised that is likely due to a transient failure. Consider enabling transient error resiliency by adding 'EnableRetryOnFailure' to the 'UseSqlServer' call.
2023-08-12 17:13:43.083 +01:00 [INF] Worker Application Running
2023-08-12 17:13:43.128 +01:00 [INF] Worker running at: "2023-08-12T17:13:43.1234008+01:00"
2023-08-12 17:14:23.952 +01:00 [ERR] An exception has been raised that is likely due to a transient failure. Consider enabling transient error resiliency by adding 'EnableRetryOnFailure' to the 'UseSqlServer' call.
2023-08-12 17:15:24.463 +01:00 [INF] Worker Application Running
2023-08-12 17:15:24.507 +01:00 [INF] Worker running at: "2023-08-12T17:15:24.5023298+01:00"
2023-08-12 17:15:44.880 +01:00 [ERR] An exception has been raised that is likely due to a transient failure. Consider enabling transient error resiliency by adding 'EnableRetryOnFailure' to the 'UseSqlServer' call.
2023-08-12 17:16:45.365 +01:00 [INF] Worker Application Running
2023-08-12 17:16:45.408 +01:00 [INF] Worker running at: "2023-08-12T17:16:45.4045127+01:00"
2023-08-12 17:17:02.325 +01:00 [ERR] An exception has been raised that is likely due to a transient failure. Consider enabling transient error resiliency by adding 'EnableRetryOnFailure' to the 'UseSqlServer' call.
2023-08-12 17:18:02.809 +01:00 [INF] Worker Application Running
2023-08-12 17:18:02.853 +01:00 [INF] Worker running at: "2023-08-12T17:18:02.8494314+01:00"
2023-08-12 17:18:19.742 +01:00 [ERR] An exception has been raised that is likely due to a transient failure. Consider enabling transient error resiliency by adding 'EnableRetryOnFailure' to the 'UseSqlServer' call.
2023-08-12 17:19:20.213 +01:00 [INF] Worker Application Running
2023-08-12 17:19:20.257 +01:00 [INF] Worker running at: "2023-08-12T17:19:20.2522247+01:00"
2023-08-12 17:19:37.422 +01:00 [ERR] An exception has been raised that is likely due to a transient failure. Consider enabling transient error resiliency by adding 'EnableRetryOnFailure' to the 'UseSqlServer' call.
2023-08-12 17:20:37.903 +01:00 [INF] Worker Application Running
2023-08-12 17:20:37.947 +01:00 [INF] Worker running at: "2023-08-12T17:20:37.9428516+01:00"
2023-08-12 17:21:09.014 +01:00 [ERR] An exception has been raised that is likely due to a transient failure. Consider enabling transient error resiliency by adding 'EnableRetryOnFailure' to the 'UseSqlServer' call.
2023-08-12 17:22:09.481 +01:00 [INF] Worker Application Running
2023-08-12 17:22:09.527 +01:00 [INF] Worker running at: "2023-08-12T17:22:09.5221905+01:00"
2023-08-12 17:22:29.780 +01:00 [ERR] An exception has been raised that is likely due to a transient failure. Consider enabling transient error resiliency by adding 'EnableRetryOnFailure' to the 'UseSqlServer' call.
2023-08-12 17:23:30.271 +01:00 [INF] Worker Application Running
2023-08-12 17:23:30.314 +01:00 [INF] Worker running at: "2023-08-12T17:23:30.3099627+01:00"
2023-08-12 17:23:46.711 +01:00 [ERR] An exception has been raised that is likely due to a transient failure. Consider enabling transient error resiliency by adding 'EnableRetryOnFailure' to the 'UseSqlServer' call.
2023-08-12 17:24:47.188 +01:00 [INF] Worker Application Running
2023-08-12 17:24:47.231 +01:00 [INF] Worker running at: "2023-08-12T17:24:47.2275064+01:00"
2023-08-12 17:25:14.270 +01:00 [ERR] An exception has been raised that is likely due to a transient failure. Consider enabling transient error resiliency by adding 'EnableRetryOnFailure' to the 'UseSqlServer' call.
2023-08-12 17:26:14.774 +01:00 [INF] Worker Application Running
2023-08-12 17:26:14.819 +01:00 [INF] Worker running at: "2023-08-12T17:26:14.8143584+01:00"
2023-08-12 17:26:34.546 +01:00 [ERR] An exception has been raised that is likely due to a transient failure. Consider enabling transient error resiliency by adding 'EnableRetryOnFailure' to the 'UseSqlServer' call.
2023-08-12 17:27:35.032 +01:00 [INF] Worker Application Running
2023-08-12 17:27:35.076 +01:00 [INF] Worker running at: "2023-08-12T17:27:35.0719270+01:00"
2023-08-12 17:28:26.827 +01:00 [ERR] An exception has been raised that is likely due to a transient failure. Consider enabling transient error resiliency by adding 'EnableRetryOnFailure' to the 'UseSqlServer' call.
2023-08-12 17:29:27.311 +01:00 [INF] Worker Application Running
2023-08-12 17:29:27.354 +01:00 [INF] Worker running at: "2023-08-12T17:29:27.3498189+01:00"
2023-08-12 17:29:44.237 +01:00 [ERR] An exception has been raised that is likely due to a transient failure. Consider enabling transient error resiliency by adding 'EnableRetryOnFailure' to the 'UseSqlServer' call.
2023-08-12 17:30:44.718 +01:00 [INF] Worker Application Running
2023-08-12 17:30:44.764 +01:00 [INF] Worker running at: "2023-08-12T17:30:44.7589312+01:00"
2023-08-12 17:31:03.706 +01:00 [ERR] An exception has been raised that is likely due to a transient failure. Consider enabling transient error resiliency by adding 'EnableRetryOnFailure' to the 'UseSqlServer' call.
2023-08-12 17:32:04.194 +01:00 [INF] Worker Application Running
2023-08-12 17:32:04.238 +01:00 [INF] Worker running at: "2023-08-12T17:32:04.2332788+01:00"
2023-08-12 17:32:46.980 +01:00 [ERR] An exception has been raised that is likely due to a transient failure. Consider enabling transient error resiliency by adding 'EnableRetryOnFailure' to the 'UseSqlServer' call.
2023-08-12 17:33:47.456 +01:00 [INF] Worker Application Running
2023-08-12 17:33:47.501 +01:00 [INF] Worker running at: "2023-08-12T17:33:47.4965418+01:00"
2023-08-12 17:34:06.662 +01:00 [ERR] An exception has been raised that is likely due to a transient failure. Consider enabling transient error resiliency by adding 'EnableRetryOnFailure' to the 'UseSqlServer' call.
2023-08-12 17:35:07.152 +01:00 [INF] Worker Application Running
2023-08-12 17:35:07.195 +01:00 [INF] Worker running at: "2023-08-12T17:35:07.1911914+01:00"
2023-08-12 17:35:25.765 +01:00 [ERR] An exception has been raised that is likely due to a transient failure. Consider enabling transient error resiliency by adding 'EnableRetryOnFailure' to the 'UseSqlServer' call.
2023-08-12 17:52:25.707 +01:00 [INF] Worker Application Running
2023-08-12 17:52:25.757 +01:00 [INF] Worker running at: "2023-08-12T17:52:25.7521571+01:00"
2023-08-12 17:52:25.834 +01:00 [ERR] No such host is known. (www.cse.com.bd:443)
2023-08-12 17:53:26.306 +01:00 [INF] Worker Application Running
2023-08-12 17:53:26.350 +01:00 [INF] Worker running at: "2023-08-12T17:53:26.3459462+01:00"
2023-08-12 17:53:43.539 +01:00 [ERR] An exception has been raised that is likely due to a transient failure. Consider enabling transient error resiliency by adding 'EnableRetryOnFailure' to the 'UseSqlServer' call.
2023-08-12 17:54:44.008 +01:00 [INF] Worker Application Running
2023-08-12 17:54:44.054 +01:00 [INF] Worker running at: "2023-08-12T17:54:44.0489548+01:00"
2023-08-12 17:55:00.416 +01:00 [ERR] An exception has been raised that is likely due to a transient failure. Consider enabling transient error resiliency by adding 'EnableRetryOnFailure' to the 'UseSqlServer' call.
2023-08-12 17:56:00.978 +01:00 [INF] Worker Application Running
2023-08-12 17:56:01.023 +01:00 [INF] Worker running at: "2023-08-12T17:56:01.0189537+01:00"
2023-08-12 17:56:18.280 +01:00 [ERR] An exception has been raised that is likely due to a transient failure. Consider enabling transient error resiliency by adding 'EnableRetryOnFailure' to the 'UseSqlServer' call.
2023-08-12 17:57:18.762 +01:00 [INF] Worker Application Running
2023-08-12 17:57:18.807 +01:00 [INF] Worker running at: "2023-08-12T17:57:18.8021176+01:00"
2023-08-12 17:57:34.842 +01:00 [ERR] An exception has been raised that is likely due to a transient failure. Consider enabling transient error resiliency by adding 'EnableRetryOnFailure' to the 'UseSqlServer' call.
2023-08-12 17:58:35.337 +01:00 [INF] Worker Application Running
2023-08-12 17:58:35.381 +01:00 [INF] Worker running at: "2023-08-12T17:58:35.3764133+01:00"
2023-08-12 17:58:51.723 +01:00 [ERR] An exception has been raised that is likely due to a transient failure. Consider enabling transient error resiliency by adding 'EnableRetryOnFailure' to the 'UseSqlServer' call.
2023-08-12 17:59:52.206 +01:00 [INF] Worker Application Running
2023-08-12 17:59:52.250 +01:00 [INF] Worker running at: "2023-08-12T17:59:52.2456946+01:00"
2023-08-12 18:00:07.749 +01:00 [ERR] An exception has been raised that is likely due to a transient failure. Consider enabling transient error resiliency by adding 'EnableRetryOnFailure' to the 'UseSqlServer' call.
2023-08-12 18:01:08.258 +01:00 [INF] Worker Application Running
2023-08-12 18:01:08.302 +01:00 [INF] Worker running at: "2023-08-12T18:01:08.2972184+01:00"
2023-08-12 18:01:34.358 +01:00 [ERR] An exception has been raised that is likely due to a transient failure. Consider enabling transient error resiliency by adding 'EnableRetryOnFailure' to the 'UseSqlServer' call.
